[
    [
        [
            {
                "Plan": {
                    "Node Type": "Aggregate",
                    "Strategy": "Plain",
                    "Partial Mode": "Finalize",
                    "Parallel Aware": false,
                    "Startup Cost": 11276.55,
                    "Total Cost": 11276.56,
                    "Plan Rows": 1,
                    "Plan Width": 8,
                    "Plans": [
                        {
                            "Node Type": "Gather",
                            "Parent Relationship": "Outer",
                            "Parallel Aware": false,
                            "Startup Cost": 11276.33,
                            "Total Cost": 11276.54,
                            "Plan Rows": 2,
                            "Plan Width": 8,
                            "Workers Planned": 2,
                            "Single Copy": false,
                            "Plans": [
                                {
                                    "Node Type": "Aggregate",
                                    "Strategy": "Plain",
                                    "Partial Mode": "Partial",
                                    "Parent Relationship": "Outer",
                                    "Parallel Aware": false,
                                    "Startup Cost": 10276.33,
                                    "Total Cost": 10276.34,
                                    "Plan Rows": 1,
                                    "Plan Width": 8,
                                    "Plans": [
                                        {
                                            "Node Type": "Seq Scan",
                                            "Parent Relationship": "Outer",
                                            "Parallel Aware": true,
                                            "Relation Name": "part",
                                            "Alias": "part",
                                            "Startup Cost": 0.0,
                                            "Total Cost": 9859.67,
                                            "Plan Rows": 166667,
                                            "Plan Width": 0
                                        }
                                    ]
                                }
                            ]
                        }
                    ]
                }
            }
        ]
    ]
]