[
    [
        [
            {
                "Plan": {
                    "Node Type": "Aggregate",
                    "Strategy": "Sorted",
                    "Partial Mode": "Finalize",
                    "Parallel Aware": false,
                    "Startup Cost": 11765.17,
                    "Total Cost": 11771.5,
                    "Plan Rows": 25,
                    "Plan Width": 36,
                    "Group Key": [
                        "nation.n_nationkey"
                    ],
                    "Plans": [
                        {
                            "Node Type": "Gather Merge",
                            "Parent Relationship": "Outer",
                            "Parallel Aware": false,
                            "Startup Cost": 11765.17,
                            "Total Cost": 11771.0,
                            "Plan Rows": 50,
                            "Plan Width": 36,
                            "Workers Planned": 2,
                            "Plans": [
                                {
                                    "Node Type": "Sort",
                                    "Parent Relationship": "Outer",
                                    "Parallel Aware": false,
                                    "Startup Cost": 10765.14,
                                    "Total Cost": 10765.21,
                                    "Plan Rows": 25,
                                    "Plan Width": 36,
                                    "Sort Key": [
                                        "nation.n_nationkey"
                                    ],
                                    "Plans": [
                                        {
                                            "Node Type": "Aggregate",
                                            "Strategy": "Hashed",
                                            "Partial Mode": "Partial",
                                            "Parent Relationship": "Outer",
                                            "Parallel Aware": false,
                                            "Startup Cost": 10764.31,
                                            "Total Cost": 10764.56,
                                            "Plan Rows": 25,
                                            "Plan Width": 36,
                                            "Group Key": [
                                                "nation.n_nationkey"
                                            ],
                                            "Plans": [
                                                {
                                                    "Node Type": "Hash Join",
                                                    "Parent Relationship": "Outer",
                                                    "Parallel Aware": false,
                                                    "Join Type": "Inner",
                                                    "Startup Cost": 1.56,
                                                    "Total Cost": 10139.31,
                                                    "Plan Rows": 125000,
                                                    "Plan Width": 10,
                                                    "Inner Unique": false,
                                                    "Hash Cond": "(customer.c_nationkey = nation.n_nationkey)",
                                                    "Plans": [
                                                        {
                                                            "Node Type": "Seq Scan",
                                                            "Parent Relationship": "Outer",
                                                            "Parallel Aware": true,
                                                            "Relation Name": "customer",
                                                            "Alias": "customer",
                                                            "Startup Cost": 0.0,
                                                            "Total Cost": 8419.0,
                                                            "Plan Rows": 125000,
                                                            "Plan Width": 10
                                                        },
                                                        {
                                                            "Node Type": "Hash",
                                                            "Parent Relationship": "Inner",
                                                            "Parallel Aware": false,
                                                            "Startup Cost": 1.25,
                                                            "Total Cost": 1.25,
                                                            "Plan Rows": 25,
                                                            "Plan Width": 4,
                                                            "Plans": [
                                                                {
                                                                    "Node Type": "Seq Scan",
                                                                    "Parent Relationship": "Outer",
                                                                    "Parallel Aware": false,
                                                                    "Relation Name": "nation",
                                                                    "Alias": "nation",
                                                                    "Startup Cost": 0.0,
                                                                    "Total Cost": 1.25,
                                                                    "Plan Rows": 25,
                                                                    "Plan Width": 4
                                                                }
                                                            ]
                                                        }
                                                    ]
                                                }
                                            ]
                                        }
                                    ]
                                }
                            ]
                        }
                    ]
                }
            }
        ]
    ]
]