[
    [
        [
            {
                "Plan": {
                    "Node Type": "Hash Join",
                    "Parallel Aware": false,
                    "Join Type": "Inner",
                    "Startup Cost": 25006.0,
                    "Total Cost": 171326.22,
                    "Plan Rows": 1599967,
                    "Plan Width": 274,
                    "Inner Unique": false,
                    "Hash Cond": "(partsupp.ps_partkey = part.p_partkey)",
                    "Plans": [
                        {
                            "Node Type": "Seq Scan",
                            "Parent Relationship": "Outer",
                            "Parallel Aware": false,
                            "Relation Name": "partsupp",
                            "Alias": "partsupp",
                            "Startup Cost": 0.0,
                            "Total Cost": 50883.67,
                            "Plan Rows": 1599967,
                            "Plan Width": 144
                        },
                        {
                            "Node Type": "Hash",
                            "Parent Relationship": "Inner",
                            "Parallel Aware": false,
                            "Startup Cost": 12193.0,
                            "Total Cost": 12193.0,
                            "Plan Rows": 400000,
                            "Plan Width": 130,
                            "Plans": [
                                {
                                    "Node Type": "Seq Scan",
                                    "Parent Relationship": "Outer",
                                    "Parallel Aware": false,
                                    "Relation Name": "part",
                                    "Alias": "part",
                                    "Startup Cost": 0.0,
                                    "Total Cost": 12193.0,
                                    "Plan Rows": 400000,
                                    "Plan Width": 130
                                }
                            ]
                        }
                    ]
                }
            }
        ]
    ]
]