[
    [
        [
            {
                "Plan": {
                    "Node Type": "Gather",
                    "Parallel Aware": false,
                    "Startup Cost": 10073.85,
                    "Total Cost": 85279.77,
                    "Plan Rows": 57315,
                    "Plan Width": 23,
                    "Workers Planned": 2,
                    "Single Copy": false,
                    "Plans": [
                        {
                            "Node Type": "Hash Join",
                            "Parent Relationship": "Outer",
                            "Parallel Aware": true,
                            "Join Type": "Inner",
                            "Startup Cost": 9073.85,
                            "Total Cost": 78548.27,
                            "Plan Rows": 23881,
                            "Plan Width": 23,
                            "Inner Unique": false,
                            "Hash Cond": "(orders.o_custkey = customer.c_custkey)",
                            "Plans": [
                                {
                                    "Node Type": "Seq Scan",
                                    "Parent Relationship": "Outer",
                                    "Parallel Aware": true,
                                    "Relation Name": "orders",
                                    "Alias": "orders",
                                    "Startup Cost": 0.0,
                                    "Total Cost": 64687.03,
                                    "Plan Rows": 1250102,
                                    "Plan Width": 4
                                },
                                {
                                    "Node Type": "Hash",
                                    "Parent Relationship": "Inner",
                                    "Parallel Aware": true,
                                    "Startup Cost": 9044.0,
                                    "Total Cost": 9044.0,
                                    "Plan Rows": 2388,
                                    "Plan Width": 23,
                                    "Plans": [
                                        {
                                            "Node Type": "Seq Scan",
                                            "Parent Relationship": "Outer",
                                            "Parallel Aware": true,
                                            "Relation Name": "customer",
                                            "Alias": "customer",
                                            "Startup Cost": 0.0,
                                            "Total Cost": 9044.0,
                                            "Plan Rows": 2388,
                                            "Plan Width": 23,
                                            "Filter": "((c_custkey <= 15470) AND (c_custkey >= 10000))"
                                        }
                                    ]
                                }
                            ]
                        }
                    ]
                }
            }
        ]
    ]
]