[[[{"Plan": {"Node Type": "Aggregate", "Strategy": "Plain", "Partial Mode": "Simple", "Parallel Aware": false, "Startup Cost": 1386.0, "Total Cost": 1386.01, "Plan Rows": 1, "Plan Width": 8, "Actual Startup Time": 18.935, "Actual Total Time": 18.937, "Actual Rows": 1, "Actual Loops": 1, "Plans": [{"Node Type": "Seq Scan", "Parent Relationship": "Outer", "Parallel Aware": false, "Relation Name": "supplier", "Alias": "supplier", "Startup Cost": 0.0, "Total Cost": 1286.0, "Plan Rows": 40000, "Plan Width": 0, "Actual Startup Time": 0.006, "Actual Total Time": 11.074, "Actual Rows": 40000, "Actual Loops": 1}]}, "Planning Time": 0.08, "Triggers": [], "Execution Time": 18.981}]]]