[
    [
        [
            {
                "Plan": {
                    "Node Type": "Aggregate",
                    "Strategy": "Plain",
                    "Partial Mode": "Finalize",
                    "Parallel Aware": false,
                    "Startup Cost": 11276.55,
                    "Total Cost": 11276.56,
                    "Plan Rows": 1,
                    "Plan Width": 8,
                    "Actual Startup Time": 295.046,
                    "Actual Total Time": 295.76,
                    "Actual Rows": 1,
                    "Actual Loops": 1,
                    "Plans": [
                        {
                            "Node Type": "Gather",
                            "Parent Relationship": "Outer",
                            "Parallel Aware": false,
                            "Startup Cost": 11276.33,
                            "Total Cost": 11276.54,
                            "Plan Rows": 2,
                            "Plan Width": 8,
                            "Actual Startup Time": 293.25,
                            "Actual Total Time": 295.748,
                            "Actual Rows": 3,
                            "Actual Loops": 1,
                            "Workers Planned": 2,
                            "Workers Launched": 2,
                            "Single Copy": false,
                            "Plans": [
                                {
                                    "Node Type": "Aggregate",
                                    "Strategy": "Plain",
                                    "Partial Mode": "Partial",
                                    "Parent Relationship": "Outer",
                                    "Parallel Aware": false,
                                    "Startup Cost": 10276.33,
                                    "Total Cost": 10276.34,
                                    "Plan Rows": 1,
                                    "Plan Width": 8,
                                    "Actual Startup Time": 272.87,
                                    "Actual Total Time": 272.872,
                                    "Actual Rows": 1,
                                    "Actual Loops": 3,
                                    "Plans": [
                                        {
                                            "Node Type": "Seq Scan",
                                            "Parent Relationship": "Outer",
                                            "Parallel Aware": true,
                                            "Relation Name": "part",
                                            "Alias": "part",
                                            "Startup Cost": 0.0,
                                            "Total Cost": 9859.67,
                                            "Plan Rows": 166667,
                                            "Plan Width": 0,
                                            "Actual Startup Time": 1.496,
                                            "Actual Total Time": 210.608,
                                            "Actual Rows": 133333,
                                            "Actual Loops": 3
                                        }
                                    ]
                                }
                            ]
                        }
                    ]
                },
                "Planning Time": 0.078,
                "Triggers": [],
                "Execution Time": 296.205
            }
        ]
    ]
]