[
    [
        [
            {
                "Plan": {
                    "Node Type": "Aggregate",
                    "Strategy": "Sorted",
                    "Partial Mode": "Finalize",
                    "Parallel Aware": false,
                    "Startup Cost": 11765.17,
                    "Total Cost": 11771.5,
                    "Plan Rows": 25,
                    "Plan Width": 36,
                    "Actual Startup Time": 413.524,
                    "Actual Total Time": 414.751,
                    "Actual Rows": 25,
                    "Actual Loops": 1,
                    "Group Key": [
                        "nation.n_nationkey"
                    ],
                    "Plans": [
                        {
                            "Node Type": "Gather Merge",
                            "Parent Relationship": "Outer",
                            "Parallel Aware": false,
                            "Startup Cost": 11765.17,
                            "Total Cost": 11771.0,
                            "Plan Rows": 50,
                            "Plan Width": 36,
                            "Actual Startup Time": 413.513,
                            "Actual Total Time": 414.708,
                            "Actual Rows": 75,
                            "Actual Loops": 1,
                            "Workers Planned": 2,
                            "Workers Launched": 2,
                            "Plans": [
                                {
                                    "Node Type": "Sort",
                                    "Parent Relationship": "Outer",
                                    "Parallel Aware": false,
                                    "Startup Cost": 10765.14,
                                    "Total Cost": 10765.21,
                                    "Plan Rows": 25,
                                    "Plan Width": 36,
                                    "Actual Startup Time": 406.574,
                                    "Actual Total Time": 406.583,
                                    "Actual Rows": 25,
                                    "Actual Loops": 3,
                                    "Sort Key": [
                                        "nation.n_nationkey"
                                    ],
                                    "Sort Method": "quicksort",
                                    "Sort Space Used": 26,
                                    "Sort Space Type": "Memory",
                                    "Workers": [
                                        {
                                            "Worker Number": 0,
                                            "Sort Method": "quicksort",
                                            "Sort Space Used": 26,
                                            "Sort Space Type": "Memory"
                                        },
                                        {
                                            "Worker Number": 1,
                                            "Sort Method": "quicksort",
                                            "Sort Space Used": 26,
                                            "Sort Space Type": "Memory"
                                        }
                                    ],
                                    "Plans": [
                                        {
                                            "Node Type": "Aggregate",
                                            "Strategy": "Hashed",
                                            "Partial Mode": "Partial",
                                            "Parent Relationship": "Outer",
                                            "Parallel Aware": false,
                                            "Startup Cost": 10764.31,
                                            "Total Cost": 10764.56,
                                            "Plan Rows": 25,
                                            "Plan Width": 36,
                                            "Actual Startup Time": 406.42,
                                            "Actual Total Time": 406.431,
                                            "Actual Rows": 25,
                                            "Actual Loops": 3,
                                            "Group Key": [
                                                "nation.n_nationkey"
                                            ],
                                            "Plans": [
                                                {
                                                    "Node Type": "Hash Join",
                                                    "Parent Relationship": "Outer",
                                                    "Parallel Aware": false,
                                                    "Join Type": "Inner",
                                                    "Startup Cost": 1.56,
                                                    "Total Cost": 10139.31,
                                                    "Plan Rows": 125000,
                                                    "Plan Width": 10,
                                                    "Actual Startup Time": 0.352,
                                                    "Actual Total Time": 312.673,
                                                    "Actual Rows": 100000,
                                                    "Actual Loops": 3,
                                                    "Inner Unique": false,
                                                    "Hash Cond": "(customer.c_nationkey = nation.n_nationkey)",
                                                    "Plans": [
                                                        {
                                                            "Node Type": "Seq Scan",
                                                            "Parent Relationship": "Outer",
                                                            "Parallel Aware": true,
                                                            "Relation Name": "customer",
                                                            "Alias": "customer",
                                                            "Startup Cost": 0.0,
                                                            "Total Cost": 8419.0,
                                                            "Plan Rows": 125000,
                                                            "Plan Width": 10,
                                                            "Actual Startup Time": 0.292,
                                                            "Actual Total Time": 154.674,
                                                            "Actual Rows": 100000,
                                                            "Actual Loops": 3
                                                        },
                                                        {
                                                            "Node Type": "Hash",
                                                            "Parent Relationship": "Inner",
                                                            "Parallel Aware": false,
                                                            "Startup Cost": 1.25,
                                                            "Total Cost": 1.25,
                                                            "Plan Rows": 25,
                                                            "Plan Width": 4,
                                                            "Actual Startup Time": 0.038,
                                                            "Actual Total Time": 0.039,
                                                            "Actual Rows": 25,
                                                            "Actual Loops": 3,
                                                            "Hash Buckets": 1024,
                                                            "Original Hash Buckets": 1024,
                                                            "Hash Batches": 1,
                                                            "Original Hash Batches": 1,
                                                            "Peak Memory Usage": 9,
                                                            "Plans": [
                                                                {
                                                                    "Node Type": "Seq Scan",
                                                                    "Parent Relationship": "Outer",
                                                                    "Parallel Aware": false,
                                                                    "Relation Name": "nation",
                                                                    "Alias": "nation",
                                                                    "Startup Cost": 0.0,
                                                                    "Total Cost": 1.25,
                                                                    "Plan Rows": 25,
                                                                    "Plan Width": 4,
                                                                    "Actual Startup Time": 0.014,
                                                                    "Actual Total Time": 0.022,
                                                                    "Actual Rows": 25,
                                                                    "Actual Loops": 3
                                                                }
                                                            ]
                                                        }
                                                    ]
                                                }
                                            ]
                                        }
                                    ]
                                }
                            ]
                        }
                    ]
                },
                "Planning Time": 1.053,
                "Triggers": [],
                "Execution Time": 414.834
            }
        ]
    ]
]