[
    [
        [
            {
                "Plan": {
                    "Node Type": "Hash Join",
                    "Parallel Aware": false,
                    "Join Type": "Inner",
                    "Startup Cost": 25006.0,
                    "Total Cost": 171326.22,
                    "Plan Rows": 1599967,
                    "Plan Width": 274,
                    "Actual Startup Time": 451.759,
                    "Actual Total Time": 5157.249,
                    "Actual Rows": 1600000,
                    "Actual Loops": 1,
                    "Inner Unique": false,
                    "Hash Cond": "(partsupp.ps_partkey = part.p_partkey)",
                    "Plans": [
                        {
                            "Node Type": "Seq Scan",
                            "Parent Relationship": "Outer",
                            "Parallel Aware": false,
                            "Relation Name": "partsupp",
                            "Alias": "partsupp",
                            "Startup Cost": 0.0,
                            "Total Cost": 50883.67,
                            "Plan Rows": 1599967,
                            "Plan Width": 144,
                            "Actual Startup Time": 0.393,
                            "Actual Total Time": 2080.653,
                            "Actual Rows": 1600000,
                            "Actual Loops": 1
                        },
                        {
                            "Node Type": "Hash",
                            "Parent Relationship": "Inner",
                            "Parallel Aware": false,
                            "Startup Cost": 12193.0,
                            "Total Cost": 12193.0,
                            "Plan Rows": 400000,
                            "Plan Width": 130,
                            "Actual Startup Time": 450.965,
                            "Actual Total Time": 450.967,
                            "Actual Rows": 400000,
                            "Actual Loops": 1,
                            "Hash Buckets": 32768,
                            "Original Hash Buckets": 32768,
                            "Hash Batches": 32,
                            "Original Hash Batches": 32,
                            "Peak Memory Usage": 2297,
                            "Plans": [
                                {
                                    "Node Type": "Seq Scan",
                                    "Parent Relationship": "Outer",
                                    "Parallel Aware": false,
                                    "Relation Name": "part",
                                    "Alias": "part",
                                    "Startup Cost": 0.0,
                                    "Total Cost": 12193.0,
                                    "Plan Rows": 400000,
                                    "Plan Width": 130,
                                    "Actual Startup Time": 0.832,
                                    "Actual Total Time": 206.903,
                                    "Actual Rows": 400000,
                                    "Actual Loops": 1
                                }
                            ]
                        }
                    ]
                },
                "Planning Time": 10.878,
                "Triggers": [],
                "Execution Time": 5599.911
            }
        ]
    ]
]