[
    [
        [
            {
                "Plan": {
                    "Node Type": "Gather",
                    "Parallel Aware": false,
                    "Startup Cost": 10073.85,
                    "Total Cost": 85279.77,
                    "Plan Rows": 57315,
                    "Plan Width": 23,
                    "Actual Startup Time": 153.567,
                    "Actual Total Time": 2906.174,
                    "Actual Rows": 54787,
                    "Actual Loops": 1,
                    "Workers Planned": 2,
                    "Workers Launched": 2,
                    "Single Copy": false,
                    "Plans": [
                        {
                            "Node Type": "Hash Join",
                            "Parent Relationship": "Outer",
                            "Parallel Aware": true,
                            "Join Type": "Inner",
                            "Startup Cost": 9073.85,
                            "Total Cost": 78548.27,
                            "Plan Rows": 23881,
                            "Plan Width": 23,
                            "Actual Startup Time": 142.674,
                            "Actual Total Time": 2869.002,
                            "Actual Rows": 18262,
                            "Actual Loops": 3,
                            "Inner Unique": false,
                            "Hash Cond": "(orders.o_custkey = customer.c_custkey)",
                            "Plans": [
                                {
                                    "Node Type": "Seq Scan",
                                    "Parent Relationship": "Outer",
                                    "Parallel Aware": true,
                                    "Relation Name": "orders",
                                    "Alias": "orders",
                                    "Startup Cost": 0.0,
                                    "Total Cost": 64687.03,
                                    "Plan Rows": 1250102,
                                    "Plan Width": 4,
                                    "Actual Startup Time": 1.785,
                                    "Actual Total Time": 2169.908,
                                    "Actual Rows": 1000000,
                                    "Actual Loops": 3
                                },
                                {
                                    "Node Type": "Hash",
                                    "Parent Relationship": "Inner",
                                    "Parallel Aware": true,
                                    "Startup Cost": 9044.0,
                                    "Total Cost": 9044.0,
                                    "Plan Rows": 2388,
                                    "Plan Width": 23,
                                    "Actual Startup Time": 140.625,
                                    "Actual Total Time": 140.627,
                                    "Actual Rows": 1824,
                                    "Actual Loops": 3,
                                    "Hash Buckets": 8192,
                                    "Original Hash Buckets": 8192,
                                    "Hash Batches": 1,
                                    "Original Hash Batches": 1,
                                    "Peak Memory Usage": 384,
                                    "Plans": [
                                        {
                                            "Node Type": "Seq Scan",
                                            "Parent Relationship": "Outer",
                                            "Parallel Aware": true,
                                            "Relation Name": "customer",
                                            "Alias": "customer",
                                            "Startup Cost": 0.0,
                                            "Total Cost": 9044.0,
                                            "Plan Rows": 2388,
                                            "Plan Width": 23,
                                            "Actual Startup Time": 9.188,
                                            "Actual Total Time": 139.724,
                                            "Actual Rows": 1824,
                                            "Actual Loops": 3,
                                            "Filter": "((c_custkey <= 15470) AND (c_custkey >= 10000))",
                                            "Rows Removed by Filter": 98176
                                        }
                                    ]
                                }
                            ]
                        }
                    ]
                },
                "Planning Time": 0.113,
                "Triggers": [],
                "Execution Time": 2917.138
            }
        ]
    ]
]