[
    [
        [
            {
                "Plan": {
                    "Node Type": "Hash Join",
                    "Parallel Aware": false,
                    "Join Type": "Inner",
                    "Startup Cost": 20318.0,
                    "Total Cost": 111952.22,
                    "Plan Rows": 1599967,
                    "Plan Width": 43,
                    "Actual Startup Time": 603.994,
                    "Actual Total Time": 3725.095,
                    "Actual Rows": 1600000,
                    "Actual Loops": 1,
                    "Inner Unique": false,
                    "Hash Cond": "(partsupp.ps_partkey = part.p_partkey)",
                    "Plans": [
                        {
                            "Node Type": "Seq Scan",
                            "Parent Relationship": "Outer",
                            "Parallel Aware": false,
                            "Relation Name": "partsupp",
                            "Alias": "partsupp",
                            "Startup Cost": 0.0,
                            "Total Cost": 50883.67,
                            "Plan Rows": 1599967,
                            "Plan Width": 10,
                            "Actual Startup Time": 0.521,
                            "Actual Total Time": 1698.589,
                            "Actual Rows": 1600000,
                            "Actual Loops": 1
                        },
                        {
                            "Node Type": "Hash",
                            "Parent Relationship": "Inner",
                            "Parallel Aware": false,
                            "Startup Cost": 12193.0,
                            "Total Cost": 12193.0,
                            "Plan Rows": 400000,
                            "Plan Width": 37,
                            "Actual Startup Time": 600.772,
                            "Actual Total Time": 600.774,
                            "Actual Rows": 400000,
                            "Actual Loops": 1,
                            "Hash Buckets": 65536,
                            "Original Hash Buckets": 65536,
                            "Hash Batches": 16,
                            "Original Hash Batches": 16,
                            "Peak Memory Usage": 2217,
                            "Plans": [
                                {
                                    "Node Type": "Seq Scan",
                                    "Parent Relationship": "Outer",
                                    "Parallel Aware": false,
                                    "Relation Name": "part",
                                    "Alias": "part",
                                    "Startup Cost": 0.0,
                                    "Total Cost": 12193.0,
                                    "Plan Rows": 400000,
                                    "Plan Width": 37,
                                    "Actual Startup Time": 0.023,
                                    "Actual Total Time": 425.685,
                                    "Actual Rows": 400000,
                                    "Actual Loops": 1
                                }
                            ]
                        }
                    ]
                },
                "Planning Time": 10.198,
                "Triggers": [],
                "Execution Time": 4031.376
            }
        ]
    ]
]