[
    [
        [
            {
                "Plan": {
                    "Node Type": "Gather",
                    "Parallel Aware": false,
                    "Startup Cost": 1000.0,
                    "Total Cost": 288413.66,
                    "Plan Rows": 30,
                    "Plan Width": 117,
                    "Actual Startup Time": 1178.289,
                    "Actual Total Time": 14627.685,
                    "Actual Rows": 29,
                    "Actual Loops": 1,
                    "Workers Planned": 2,
                    "Workers Launched": 2,
                    "Single Copy": false,
                    "Plans": [
                        {
                            "Node Type": "Seq Scan",
                            "Parent Relationship": "Outer",
                            "Parallel Aware": true,
                            "Relation Name": "lineitem",
                            "Alias": "lineitem",
                            "Startup Cost": 0.0,
                            "Total Cost": 287410.66,
                            "Plan Rows": 12,
                            "Plan Width": 117,
                            "Actual Startup Time": 2030.791,
                            "Actual Total Time": 14592.214,
                            "Actual Rows": 10,
                            "Actual Loops": 3,
                            "Filter": "(l_partkey = 12821)",
                            "Rows Removed by Filter": 3999322
                        }
                    ]
                },
                "Planning Time": 8.939,
                "Triggers": [],
                "Execution Time": 14630.274
            }
        ]
    ]
]